TN:
SF:src\App.jsx
FN:6,App
FN:10,(anonymous_1)
FN:21,(anonymous_2)
FN:26,(anonymous_3)
FN:30,(anonymous_4)
FN:34,(anonymous_5)
FN:35,(anonymous_6)
FN:41,(anonymous_7)
FNF:8
FNH:8
FNDA:24,App
FNDA:7,(anonymous_1)
FNDA:1,(anonymous_2)
FNDA:5,(anonymous_3)
FNDA:2,(anonymous_4)
FNDA:1,(anonymous_5)
FNDA:1,(anonymous_6)
FNDA:24,(anonymous_7)
DA:7,24
DA:8,24
DA:10,24
DA:11,7
DA:18,7
DA:21,24
DA:22,1
DA:23,1
DA:26,24
DA:27,5
DA:30,24
DA:31,2
DA:34,24
DA:35,1
DA:41,24
DA:42,24
DA:44,9
DA:46,9
DA:54,6
DA:62,0
DA:66,24
LF:21
LH:20
BRDA:12,0,0,7
BRDA:12,0,1,0
BRDA:42,1,0,9
BRDA:42,1,1,9
BRDA:42,1,2,6
BRDA:42,1,3,0
BRF:6
BRH:4
end_of_record
TN:
SF:src\main.jsx
FNF:0
FNH:0
DA:6,0
LF:1
LH:0
BRF:0
BRH:0
end_of_record
TN:
SF:src\components\Dashboard.jsx
FN:4,(anonymous_0)
FN:11,(anonymous_1)
FN:13,(anonymous_2)
FNF:3
FNH:3
FNDA:38,(anonymous_0)
FNDA:19,(anonymous_1)
FNDA:19,(anonymous_2)
DA:4,2
DA:5,38
DA:11,38
DA:13,19
DA:14,19
DA:21,19
DA:25,38
DA:29,38
LF:8
LH:8
BRDA:25,0,0,19
BRDA:25,0,1,19
BRDA:35,1,0,38
BRDA:35,1,1,4
BRF:4
BRH:4
end_of_record
TN:
SF:src\components\Login.jsx
FN:4,(anonymous_0)
FN:9,(anonymous_1)
FN:26,(anonymous_2)
FN:48,(anonymous_3)
FN:60,(anonymous_4)
FNF:5
FNH:5
FNDA:274,(anonymous_0)
FNDA:11,(anonymous_1)
FNDA:11,(anonymous_2)
FNDA:157,(anonymous_3)
FNDA:100,(anonymous_4)
DA:4,2
DA:5,274
DA:6,274
DA:7,274
DA:9,274
DA:10,11
DA:11,11
DA:12,1
DA:13,10
DA:14,1
DA:17,11
DA:18,1
DA:19,10
DA:20,1
DA:23,11
DA:26,274
DA:27,11
DA:28,11
DA:29,11
DA:31,8
DA:32,8
DA:34,3
DA:38,274
DA:48,157
DA:60,100
LF:25
LH:25
BRDA:11,0,0,1
BRDA:11,0,1,10
BRDA:13,1,0,1
BRDA:13,1,1,9
BRDA:17,2,0,1
BRDA:17,2,1,10
BRDA:19,3,0,1
BRDA:19,3,1,9
BRDA:29,4,0,8
BRDA:29,4,1,3
BRDA:49,5,0,2
BRDA:49,5,1,272
BRDA:51,6,0,274
BRDA:51,6,1,2
BRDA:61,7,0,2
BRDA:61,7,1,272
BRDA:63,8,0,274
BRDA:63,8,1,2
BRF:18
BRH:18
end_of_record
TN:
SF:src\components\Profile.jsx
FN:4,(anonymous_0)
FN:15,(anonymous_1)
FN:27,(anonymous_2)
FN:47,(anonymous_3)
FN:49,(anonymous_4)
FN:56,(anonymous_5)
FN:63,(anonymous_6)
FN:74,(anonymous_7)
FN:110,(anonymous_8)
FNF:9
FNH:9
FNDA:179,(anonymous_0)
FNDA:19,(anonymous_1)
FNDA:7,(anonymous_2)
FNDA:122,(anonymous_3)
FNDA:122,(anonymous_4)
FNDA:1,(anonymous_5)
FNDA:7,(anonymous_6)
FNDA:2,(anonymous_7)
FNDA:11,(anonymous_8)
DA:4,2
DA:5,179
DA:12,179
DA:13,179
DA:15,179
DA:16,19
DA:17,19
DA:27,179
DA:28,7
DA:30,7
DA:31,3
DA:34,7
DA:35,1
DA:36,6
DA:37,1
DA:40,7
DA:41,1
DA:44,7
DA:47,179
DA:48,122
DA:49,122
DA:55,122
DA:56,1
DA:63,179
DA:64,7
DA:65,7
DA:66,2
DA:67,2
DA:68,2
DA:70,5
DA:74,179
DA:75,2
DA:76,2
DA:84,2
DA:85,2
DA:88,179
DA:110,11
LF:37
LH:37
BRDA:16,0,0,19
BRDA:16,0,1,0
BRDA:18,1,0,19
BRDA:18,1,1,0
BRDA:19,2,0,19
BRDA:19,2,1,0
BRDA:20,3,0,19
BRDA:20,3,1,7
BRDA:21,4,0,19
BRDA:21,4,1,6
BRDA:22,5,0,19
BRDA:22,5,1,7
BRDA:30,6,0,3
BRDA:30,6,1,4
BRDA:34,7,0,1
BRDA:34,7,1,6
BRDA:36,8,0,1
BRDA:36,8,1,5
BRDA:40,9,0,1
BRDA:40,9,1,6
BRDA:40,10,0,7
BRDA:40,10,1,5
BRDA:55,11,0,1
BRDA:55,11,1,121
BRDA:65,12,0,2
BRDA:65,12,1,5
BRDA:75,13,0,2
BRDA:75,13,1,0
BRDA:77,14,0,2
BRDA:77,14,1,0
BRDA:78,15,0,2
BRDA:78,15,1,0
BRDA:79,16,0,2
BRDA:79,16,1,1
BRDA:80,17,0,2
BRDA:80,17,1,1
BRDA:81,18,0,2
BRDA:81,18,1,1
BRDA:101,19,0,149
BRDA:101,19,1,30
BRDA:104,20,0,179
BRDA:104,20,1,30
BRDA:107,21,0,179
BRDA:107,21,1,41
BRDA:127,22,0,3
BRDA:127,22,1,176
BRDA:129,23,0,179
BRDA:129,23,1,3
BRDA:143,24,0,2
BRDA:143,24,1,177
BRDA:145,25,0,179
BRDA:145,25,1,2
BRDA:160,26,0,1
BRDA:160,26,1,178
BRDA:162,27,0,179
BRDA:162,27,1,1
BRDA:194,28,0,179
BRDA:194,28,1,138
BRF:58
BRH:52
end_of_record
